2019-04-03 14:00:06.963 [main] INFO  c.c.g.GcpApplication - Starting GcpApplication on gimseoghun-ui-MacPro.local with PID 4836 (/Users/seokhoon/Workspace_bak/gcp/build/classes/java/main started by seokhoon in /Users/seokhoon/Workspace_bak/gcp)
2019-04-03 14:00:06.965 [main] INFO  c.c.g.GcpApplication - The following profiles are active: local
2019-04-03 14:00:07.496 [main] INFO  o.s.c.s.PostProcessorRegistrationDelegate$BeanPostProcessorChecker - Bean 'org.springframework.ws.config.annotation.DelegatingWsConfiguration' of type [org.springframework.ws.config.annotation.DelegatingWsConfiguration$$EnhancerBySpringCGLIB$$74921b02] is not eligible for getting processed by all BeanPostProcessors (for example: not eligible for auto-proxying)
2019-04-03 14:00:07.522 [main] INFO  o.s.w.s.a.s.AnnotationActionEndpointMapping - Supporting [WS-Addressing August 2004, WS-Addressing 1.0]
2019-04-03 14:00:07.724 [main] INFO  o.s.b.w.e.t.TomcatWebServer - Tomcat initialized with port(s): 9090 (http)
2019-04-03 14:00:07.736 [main] INFO  o.a.c.h.Http11NioProtocol - Initializing ProtocolHandler ["http-nio-9090"]
2019-04-03 14:00:07.745 [main] INFO  o.a.c.c.StandardService - Starting service [Tomcat]
2019-04-03 14:00:07.745 [main] INFO  o.a.c.c.StandardEngine - Starting Servlet engine: [Apache Tomcat/9.0.16]
2019-04-03 14:00:07.750 [main] INFO  o.a.c.c.AprLifecycleListener - The APR based Apache Tomcat Native library which allows optimal performance in production environments was not found on the java.library.path: [/Users/seokhoon/Library/Java/Extensions:/Library/Java/Extensions:/Network/Library/Java/Extensions:/System/Library/Java/Extensions:/usr/lib/java:.]
2019-04-03 14:00:07.860 [main] INFO  o.a.c.c.C.[.[.[/] - Initializing Spring embedded WebApplicationContext
2019-04-03 14:00:07.860 [main] INFO  o.s.w.c.ContextLoader - Root WebApplicationContext: initialization completed in 867 ms
2019-04-03 14:00:08.018 [main] INFO  o.s.s.c.ThreadPoolTaskExecutor - Initializing ExecutorService 'applicationTaskExecutor'
2019-04-03 14:00:08.148 [main] INFO  o.a.c.h.Http11NioProtocol - Starting ProtocolHandler ["http-nio-9090"]
2019-04-03 14:00:08.179 [main] INFO  o.s.b.w.e.t.TomcatWebServer - Tomcat started on port(s): 9090 (http) with context path ''
2019-04-03 14:00:08.183 [main] INFO  c.c.g.GcpApplication - Started GcpApplication in 1.664 seconds (JVM running for 2.5)
2019-04-03 14:00:19.679 [http-nio-9090-exec-1] INFO  o.a.c.c.C.[.[.[/] - Initializing Spring DispatcherServlet 'dispatcherServlet'
2019-04-03 14:00:19.680 [http-nio-9090-exec-1] INFO  o.s.w.s.DispatcherServlet - Initializing Servlet 'dispatcherServlet'
2019-04-03 14:00:19.684 [http-nio-9090-exec-1] INFO  o.s.w.s.DispatcherServlet - Completed initialization in 4 ms
2019-04-03 14:02:52.066 [Thread-3] INFO  o.s.s.c.ThreadPoolTaskExecutor - Shutting down ExecutorService 'applicationTaskExecutor'
2019-04-03 14:02:54.953 [main] INFO  c.c.g.GcpApplication - Starting GcpApplication on gimseoghun-ui-MacPro.local with PID 4850 (/Users/seokhoon/Workspace_bak/gcp/build/classes/java/main started by seokhoon in /Users/seokhoon/Workspace_bak/gcp)
2019-04-03 14:02:54.955 [main] INFO  c.c.g.GcpApplication - The following profiles are active: local
2019-04-03 14:02:55.546 [main] INFO  o.s.c.s.PostProcessorRegistrationDelegate$BeanPostProcessorChecker - Bean 'org.springframework.ws.config.annotation.DelegatingWsConfiguration' of type [org.springframework.ws.config.annotation.DelegatingWsConfiguration$$EnhancerBySpringCGLIB$$46265e8] is not eligible for getting processed by all BeanPostProcessors (for example: not eligible for auto-proxying)
2019-04-03 14:02:55.571 [main] INFO  o.s.w.s.a.s.AnnotationActionEndpointMapping - Supporting [WS-Addressing August 2004, WS-Addressing 1.0]
2019-04-03 14:02:55.774 [main] INFO  o.s.b.w.e.t.TomcatWebServer - Tomcat initialized with port(s): 9090 (http)
2019-04-03 14:02:55.788 [main] INFO  o.a.c.h.Http11NioProtocol - Initializing ProtocolHandler ["http-nio-9090"]
2019-04-03 14:02:55.797 [main] INFO  o.a.c.c.StandardService - Starting service [Tomcat]
2019-04-03 14:02:55.798 [main] INFO  o.a.c.c.StandardEngine - Starting Servlet engine: [Apache Tomcat/9.0.16]
2019-04-03 14:02:55.812 [main] INFO  o.a.c.c.AprLifecycleListener - The APR based Apache Tomcat Native library which allows optimal performance in production environments was not found on the java.library.path: [/Users/seokhoon/Library/Java/Extensions:/Library/Java/Extensions:/Network/Library/Java/Extensions:/System/Library/Java/Extensions:/usr/lib/java:.]
2019-04-03 14:02:55.874 [main] INFO  o.a.c.c.C.[.[.[/] - Initializing Spring embedded WebApplicationContext
2019-04-03 14:02:55.874 [main] INFO  o.s.w.c.ContextLoader - Root WebApplicationContext: initialization completed in 880 ms
2019-04-03 14:02:56.030 [main] INFO  o.s.s.c.ThreadPoolTaskExecutor - Initializing ExecutorService 'applicationTaskExecutor'
2019-04-03 14:02:56.160 [main] INFO  o.a.c.h.Http11NioProtocol - Starting ProtocolHandler ["http-nio-9090"]
2019-04-03 14:02:56.192 [main] INFO  o.s.b.w.e.t.TomcatWebServer - Tomcat started on port(s): 9090 (http) with context path ''
2019-04-03 14:02:56.195 [main] INFO  c.c.g.GcpApplication - Started GcpApplication in 1.647 seconds (JVM running for 2.113)
2019-04-03 14:03:03.419 [http-nio-9090-exec-1] INFO  o.a.c.c.C.[.[.[/] - Initializing Spring DispatcherServlet 'dispatcherServlet'
2019-04-03 14:03:03.419 [http-nio-9090-exec-1] INFO  o.s.w.s.DispatcherServlet - Initializing Servlet 'dispatcherServlet'
2019-04-03 14:03:03.424 [http-nio-9090-exec-1] INFO  o.s.w.s.DispatcherServlet - Completed initialization in 5 ms
2019-04-03 14:07:29.797 [Thread-3] INFO  o.s.s.c.ThreadPoolTaskExecutor - Shutting down ExecutorService 'applicationTaskExecutor'
2019-04-03 14:07:32.877 [main] INFO  c.c.g.GcpApplication - Starting GcpApplication on gimseoghun-ui-MacPro.local with PID 4867 (/Users/seokhoon/Workspace_bak/gcp/build/classes/java/main started by seokhoon in /Users/seokhoon/Workspace_bak/gcp)
2019-04-03 14:07:32.880 [main] INFO  c.c.g.GcpApplication - The following profiles are active: local
2019-04-03 14:07:33.515 [main] INFO  o.s.c.s.PostProcessorRegistrationDelegate$BeanPostProcessorChecker - Bean 'org.springframework.ws.config.annotation.DelegatingWsConfiguration' of type [org.springframework.ws.config.annotation.DelegatingWsConfiguration$$EnhancerBySpringCGLIB$$6b7dbdeb] is not eligible for getting processed by all BeanPostProcessors (for example: not eligible for auto-proxying)
2019-04-03 14:07:33.542 [main] INFO  o.s.w.s.a.s.AnnotationActionEndpointMapping - Supporting [WS-Addressing August 2004, WS-Addressing 1.0]
2019-04-03 14:07:33.748 [main] INFO  o.s.b.w.e.t.TomcatWebServer - Tomcat initialized with port(s): 9090 (http)
2019-04-03 14:07:33.771 [main] INFO  o.a.c.h.Http11NioProtocol - Initializing ProtocolHandler ["http-nio-9090"]
2019-04-03 14:07:33.779 [main] INFO  o.a.c.c.StandardService - Starting service [Tomcat]
2019-04-03 14:07:33.779 [main] INFO  o.a.c.c.StandardEngine - Starting Servlet engine: [Apache Tomcat/9.0.16]
2019-04-03 14:07:33.784 [main] INFO  o.a.c.c.AprLifecycleListener - The APR based Apache Tomcat Native library which allows optimal performance in production environments was not found on the java.library.path: [/Users/seokhoon/Library/Java/Extensions:/Library/Java/Extensions:/Network/Library/Java/Extensions:/System/Library/Java/Extensions:/usr/lib/java:.]
2019-04-03 14:07:33.845 [main] INFO  o.a.c.c.C.[.[.[/] - Initializing Spring embedded WebApplicationContext
2019-04-03 14:07:33.845 [main] INFO  o.s.w.c.ContextLoader - Root WebApplicationContext: initialization completed in 924 ms
2019-04-03 14:07:34.000 [main] INFO  o.s.s.c.ThreadPoolTaskExecutor - Initializing ExecutorService 'applicationTaskExecutor'
2019-04-03 14:07:34.129 [main] INFO  o.a.c.h.Http11NioProtocol - Starting ProtocolHandler ["http-nio-9090"]
2019-04-03 14:07:34.160 [main] INFO  o.s.b.w.e.t.TomcatWebServer - Tomcat started on port(s): 9090 (http) with context path ''
2019-04-03 14:07:34.163 [main] INFO  c.c.g.GcpApplication - Started GcpApplication in 1.743 seconds (JVM running for 2.218)
2019-04-03 14:07:39.839 [http-nio-9090-exec-1] INFO  o.a.c.c.C.[.[.[/] - Initializing Spring DispatcherServlet 'dispatcherServlet'
2019-04-03 14:07:39.839 [http-nio-9090-exec-1] INFO  o.s.w.s.DispatcherServlet - Initializing Servlet 'dispatcherServlet'
2019-04-03 14:07:39.843 [http-nio-9090-exec-1] INFO  o.s.w.s.DispatcherServlet - Completed initialization in 4 ms
2019-04-03 14:08:29.133 [Thread-3] INFO  o.s.s.c.ThreadPoolTaskExecutor - Shutting down ExecutorService 'applicationTaskExecutor'
2019-04-03 14:08:32.108 [main] INFO  c.c.g.GcpApplication - Starting GcpApplication on gimseoghun-ui-MacPro.local with PID 4872 (/Users/seokhoon/Workspace_bak/gcp/build/classes/java/main started by seokhoon in /Users/seokhoon/Workspace_bak/gcp)
2019-04-03 14:08:32.111 [main] INFO  c.c.g.GcpApplication - The following profiles are active: local
2019-04-03 14:08:32.734 [main] INFO  o.s.c.s.PostProcessorRegistrationDelegate$BeanPostProcessorChecker - Bean 'org.springframework.ws.config.annotation.DelegatingWsConfiguration' of type [org.springframework.ws.config.annotation.DelegatingWsConfiguration$$EnhancerBySpringCGLIB$$121eac05] is not eligible for getting processed by all BeanPostProcessors (for example: not eligible for auto-proxying)
2019-04-03 14:08:32.760 [main] INFO  o.s.w.s.a.s.AnnotationActionEndpointMapping - Supporting [WS-Addressing August 2004, WS-Addressing 1.0]
2019-04-03 14:08:32.970 [main] INFO  o.s.b.w.e.t.TomcatWebServer - Tomcat initialized with port(s): 9090 (http)
2019-04-03 14:08:32.984 [main] INFO  o.a.c.h.Http11NioProtocol - Initializing ProtocolHandler ["http-nio-9090"]
2019-04-03 14:08:32.994 [main] INFO  o.a.c.c.StandardService - Starting service [Tomcat]
2019-04-03 14:08:32.994 [main] INFO  o.a.c.c.StandardEngine - Starting Servlet engine: [Apache Tomcat/9.0.16]
2019-04-03 14:08:33.000 [main] INFO  o.a.c.c.AprLifecycleListener - The APR based Apache Tomcat Native library which allows optimal performance in production environments was not found on the java.library.path: [/Users/seokhoon/Library/Java/Extensions:/Library/Java/Extensions:/Network/Library/Java/Extensions:/System/Library/Java/Extensions:/usr/lib/java:.]
2019-04-03 14:08:33.074 [main] INFO  o.a.c.c.C.[.[.[/] - Initializing Spring embedded WebApplicationContext
2019-04-03 14:08:33.074 [main] INFO  o.s.w.c.ContextLoader - Root WebApplicationContext: initialization completed in 922 ms
2019-04-03 14:08:33.234 [main] INFO  o.s.s.c.ThreadPoolTaskExecutor - Initializing ExecutorService 'applicationTaskExecutor'
2019-04-03 14:08:33.365 [main] INFO  o.a.c.h.Http11NioProtocol - Starting ProtocolHandler ["http-nio-9090"]
2019-04-03 14:08:33.396 [main] INFO  o.s.b.w.e.t.TomcatWebServer - Tomcat started on port(s): 9090 (http) with context path ''
2019-04-03 14:08:33.400 [main] INFO  c.c.g.GcpApplication - Started GcpApplication in 1.701 seconds (JVM running for 2.166)
2019-04-03 14:08:36.852 [http-nio-9090-exec-1] INFO  o.a.c.c.C.[.[.[/] - Initializing Spring DispatcherServlet 'dispatcherServlet'
2019-04-03 14:08:36.852 [http-nio-9090-exec-1] INFO  o.s.w.s.DispatcherServlet - Initializing Servlet 'dispatcherServlet'
2019-04-03 14:08:36.856 [http-nio-9090-exec-1] INFO  o.s.w.s.DispatcherServlet - Completed initialization in 4 ms
2019-04-03 14:21:55.093 [Thread-3] INFO  o.s.s.c.ThreadPoolTaskExecutor - Shutting down ExecutorService 'applicationTaskExecutor'
2019-04-03 14:21:57.563 [main] INFO  c.c.g.GcpApplication - Starting GcpApplication on gimseoghun-ui-MacPro.local with PID 4923 (/Users/seokhoon/Workspace_bak/gcp/build/classes/java/main started by seokhoon in /Users/seokhoon/Workspace_bak/gcp)
2019-04-03 14:21:57.566 [main] INFO  c.c.g.GcpApplication - The following profiles are active: local
2019-04-03 14:21:58.190 [main] INFO  o.s.c.s.PostProcessorRegistrationDelegate$BeanPostProcessorChecker - Bean 'org.springframework.ws.config.annotation.DelegatingWsConfiguration' of type [org.springframework.ws.config.annotation.DelegatingWsConfiguration$$EnhancerBySpringCGLIB$$afefdf86] is not eligible for getting processed by all BeanPostProcessors (for example: not eligible for auto-proxying)
2019-04-03 14:21:58.217 [main] INFO  o.s.w.s.a.s.AnnotationActionEndpointMapping - Supporting [WS-Addressing August 2004, WS-Addressing 1.0]
2019-04-03 14:21:58.419 [main] INFO  o.s.b.w.e.t.TomcatWebServer - Tomcat initialized with port(s): 9090 (http)
2019-04-03 14:21:58.431 [main] INFO  o.a.c.h.Http11NioProtocol - Initializing ProtocolHandler ["http-nio-9090"]
2019-04-03 14:21:58.441 [main] INFO  o.a.c.c.StandardService - Starting service [Tomcat]
2019-04-03 14:21:58.441 [main] INFO  o.a.c.c.StandardEngine - Starting Servlet engine: [Apache Tomcat/9.0.16]
2019-04-03 14:21:58.447 [main] INFO  o.a.c.c.AprLifecycleListener - The APR based Apache Tomcat Native library which allows optimal performance in production environments was not found on the java.library.path: [/Users/seokhoon/Library/Java/Extensions:/Library/Java/Extensions:/Network/Library/Java/Extensions:/System/Library/Java/Extensions:/usr/lib/java:.]
2019-04-03 14:21:58.520 [main] INFO  o.a.c.c.C.[.[.[/] - Initializing Spring embedded WebApplicationContext
2019-04-03 14:21:58.520 [main] INFO  o.s.w.c.ContextLoader - Root WebApplicationContext: initialization completed in 913 ms
2019-04-03 14:21:58.676 [main] INFO  o.s.s.c.ThreadPoolTaskExecutor - Initializing ExecutorService 'applicationTaskExecutor'
2019-04-03 14:21:58.806 [main] INFO  o.a.c.h.Http11NioProtocol - Starting ProtocolHandler ["http-nio-9090"]
2019-04-03 14:21:58.838 [main] INFO  o.s.b.w.e.t.TomcatWebServer - Tomcat started on port(s): 9090 (http) with context path ''
2019-04-03 14:21:58.841 [main] INFO  c.c.g.GcpApplication - Started GcpApplication in 1.692 seconds (JVM running for 2.147)
2019-04-03 14:22:14.814 [http-nio-9090-exec-1] INFO  o.a.c.c.C.[.[.[/] - Initializing Spring DispatcherServlet 'dispatcherServlet'
2019-04-03 14:22:14.814 [http-nio-9090-exec-1] INFO  o.s.w.s.DispatcherServlet - Initializing Servlet 'dispatcherServlet'
2019-04-03 14:22:14.819 [http-nio-9090-exec-1] INFO  o.s.w.s.DispatcherServlet - Completed initialization in 5 ms
